[0m[[0m[0mdebug[0m] [0m[0m> Exec(;Test/compile; collectAnalyses, None, Some(CommandSource(network-1)))[0m
[0m[[0m[0mdebug[0m] [0m[0mjsonRpcNotify: JsonRpcNotificationMessage(2.0, build/logMessage, {"type":4,"message":"Processing"})[0m
[0m[[0m[0mdebug[0m] [0m[0mjsonRpcNotify: JsonRpcNotificationMessage(2.0, build/logMessage, {"type":4,"message":"Done"})[0m
[0m[[0m[0mdebug[0m] [0m[0m> Exec(Test/compile, None, Some(CommandSource(network-1)))[0m
[0m[[0m[0mdebug[0m] [0m[0mjsonRpcNotify: JsonRpcNotificationMessage(2.0, build/logMessage, {"type":4,"message":"Processing"})[0m
[0m[[0m[0mdebug[0m] [0m[0mEvaluating tasks: Test / compile[0m
[0m[[0m[0mdebug[0m] [0m[0mRunning task... Cancel: bloop.integrations.sbt.Offloader$$anon$1@6451a288, check cycles: false, forcegc: true[0m
[0m[[0m[0mdebug[0m] [0m[0mjsonRpcNotify: JsonRpcNotificationMessage(2.0, build/taskStart, {"taskId":{"id":"6","parents":[]},"eventTime":1616496522214,"message":"Compiling bigdata_analysis","dataKind":"compile-task","data":{"target":{"uri":"file:/Users/rohith/Documents/College/Semester%204/BigData_Analysis/#bigdata_analysis/Compile"}}})[0m
[0m[[0m[0minfo[0m] [0m[0mcompiling 1 Scala source to /Users/rohith/Documents/College/Semester 4/BigData_Analysis/target/scala-2.12/classes ...[0m
[0m[[0m[0mdebug[0m] [0m[0mjsonRpcNotify: JsonRpcNotificationMessage(2.0, build/logMessage, {"type":3,"message":"compiling 1 Scala source to /Users/rohith/Documents/College/Semester 4/BigData_Analysis/target/scala-2.12/classes ..."})[0m
[0m[[0m[0mdebug[0m] [0m[0mjsonRpcNotify: JsonRpcNotificationMessage(2.0, build/publishDiagnostics, {"textDocument":{"uri":"file:///Users/rohith/Documents/College/Semester%204/BigData_Analysis/Class1.scala"},"buildTarget":{"uri":"file:/Users/rohith/Documents/College/Semester%204/BigData_Analysis/#bigdata_analysis/Compile"},"diagnostics":[{"range":{"start":{"line":4,"character":4},"end":{"line":4,"character":5}},"severity":1,"source":"sbt","message":"wordRdd is already defined as value wordRdd"}],"reset":false})[0m
[0m[[0m[31merror[0m] [0m[0m/Users/rohith/Documents/College/Semester 4/BigData_Analysis/Class1.scala:5:5: wordRdd is already defined as value wordRdd[0m
[0m[[0m[31merror[0m] [0m[0mval wordRdd = wikiRdd.flatMap{l=> l.split("\\s+")}[0m
[0m[[0m[31merror[0m] [0m[0m    ^[0m
[0m[[0m[0mdebug[0m] [0m[0mjsonRpcNotify: JsonRpcNotificationMessage(2.0, build/logMessage, {"type":1,"message":"/Users/rohith/Documents/College/Semester 4/BigData_Analysis/Class1.scala:5:5: wordRdd is already defined as value wordRdd"})[0m
[0m[[0m[0mdebug[0m] [0m[0mjsonRpcNotify: JsonRpcNotificationMessage(2.0, build/logMessage, {"type":1,"message":"val wordRdd = wikiRdd.flatMap{l=> l.split(\"\\\\s+\")}"})[0m
[0m[[0m[0mdebug[0m] [0m[0mjsonRpcNotify: JsonRpcNotificationMessage(2.0, build/logMessage, {"type":1,"message":"    ^"})[0m
[0m[[0m[0mdebug[0m] [0m[0mjsonRpcNotify: JsonRpcNotificationMessage(2.0, build/publishDiagnostics, {"textDocument":{"uri":"file:///Users/rohith/Documents/College/Semester%204/BigData_Analysis/Class1.scala"},"buildTarget":{"uri":"file:/Users/rohith/Documents/College/Semester%204/BigData_Analysis/#bigdata_analysis/Compile"},"diagnostics":[{"range":{"start":{"line":4,"character":0},"end":{"line":4,"character":4}},"severity":1,"source":"sbt","message":"wordRdd  is already defined as value wordRdd"}],"reset":false})[0m
[0m[[0m[0mdebug[0m] [0m[0mjsonRpcNotify: JsonRpcNotificationMessage(2.0, build/publishDiagnostics, {"textDocument":{"uri":"file:///Users/rohith/Documents/College/Semester%204/BigData_Analysis/Class1.scala"},"buildTarget":{"uri":"file:/Users/rohith/Documents/College/Semester%204/BigData_Analysis/#bigdata_analysis/Compile"},"diagnostics":[{"range":{"start":{"line":1,"character":14},"end":{"line":1,"character":15}},"severity":1,"source":"sbt","message":"not found: value sc"}],"reset":false})[0m
[0m[[0m[31merror[0m] [0m[0m/Users/rohith/Documents/College/Semester 4/BigData_Analysis/Class1.scala:2:15: not found: value sc[0m
[0m[[0m[31merror[0m] [0m[0mval wikiRdd = sc.textFile("wikisample.txt")[0m
[0m[[0m[31merror[0m] [0m[0m              ^[0m
[0m[[0m[0mdebug[0m] [0m[0mjsonRpcNotify: JsonRpcNotificationMessage(2.0, build/logMessage, {"type":1,"message":"/Users/rohith/Documents/College/Semester 4/BigData_Analysis/Class1.scala:2:15: not found: value sc"})[0m
[0m[[0m[0mdebug[0m] [0m[0mjsonRpcNotify: JsonRpcNotificationMessage(2.0, build/logMessage, {"type":1,"message":"val wikiRdd = sc.textFile(\"wikisample.txt\")"})[0m
[0m[[0m[0mdebug[0m] [0m[0mjsonRpcNotify: JsonRpcNotificationMessage(2.0, build/logMessage, {"type":1,"message":"              ^"})[0m
[0m[[0m[0mdebug[0m] [0m[0mjsonRpcNotify: JsonRpcNotificationMessage(2.0, build/publishDiagnostics, {"textDocument":{"uri":"file:///Users/rohith/Documents/College/Semester%204/BigData_Analysis/Class1.scala"},"buildTarget":{"uri":"file:/Users/rohith/Documents/College/Semester%204/BigData_Analysis/#bigdata_analysis/Compile"},"diagnostics":[{"range":{"start":{"line":8,"character":0},"end":{"line":8,"character":1}},"severity":1,"source":"sbt","message":"not found: value string"}],"reset":false})[0m
[0m[[0m[31merror[0m] [0m[0m/Users/rohith/Documents/College/Semester 4/BigData_Analysis/Class1.scala:9:1: not found: value string[0m
[0m[[0m[31merror[0m] [0m[0mstring.replaceAll("[^A-Za-z\\s]*","")[0m
[0m[[0m[31merror[0m] [0m[0m^[0m
[0m[[0m[0mdebug[0m] [0m[0mjsonRpcNotify: JsonRpcNotificationMessage(2.0, build/logMessage, {"type":1,"message":"/Users/rohith/Documents/College/Semester 4/BigData_Analysis/Class1.scala:9:1: not found: value string"})[0m
[0m[[0m[0mdebug[0m] [0m[0mjsonRpcNotify: JsonRpcNotificationMessage(2.0, build/logMessage, {"type":1,"message":"string.replaceAll(\"[^A-Za-z\\\\s]*\",\"\")"})[0m
[0m[[0m[0mdebug[0m] [0m[0mjsonRpcNotify: JsonRpcNotificationMessage(2.0, build/logMessage, {"type":1,"message":"^"})[0m
[0m[[0m[0mdebug[0m] [0m[0mjsonRpcNotify: JsonRpcNotificationMessage(2.0, build/publishDiagnostics, {"textDocument":{"uri":"file:///Users/rohith/Documents/College/Semester%204/BigData_Analysis/Class1.scala"},"buildTarget":{"uri":"file:/Users/rohith/Documents/College/Semester%204/BigData_Analysis/#bigdata_analysis/Compile"},"diagnostics":[{"range":{"start":{"line":9,"character":10},"end":{"line":9,"character":11}},"severity":1,"source":"sbt","message":"not found: value sc"}],"reset":false})[0m
[0m[[0m[31merror[0m] [0m[0m/Users/rohith/Documents/College/Semester 4/BigData_Analysis/Class1.scala:10:11: not found: value sc[0m
[0m[[0m[31merror[0m] [0m[0mval cat = sc.textFile("wikisample.txt").map(_.replaceAll("[^A-Za-z\\s]*","")).flatMap(_.split("\\s+")).map((_,1)).reduceByKey(_+_)[0m
[0m[[0m[31merror[0m] [0m[0m          ^[0m
[0m[[0m[0mdebug[0m] [0m[0mjsonRpcNotify: JsonRpcNotificationMessage(2.0, build/logMessage, {"type":1,"message":"/Users/rohith/Documents/College/Semester 4/BigData_Analysis/Class1.scala:10:11: not found: value sc"})[0m
[0m[[0m[0mdebug[0m] [0m[0mjsonRpcNotify: JsonRpcNotificationMessage(2.0, build/logMessage, {"type":1,"message":"val cat = sc.textFile(\"wikisample.txt\").map(_.replaceAll(\"[^A-Za-z\\\\s]*\",\"\")).flatMap(_.split(\"\\\\s+\")).map((_,1)).reduceByKey(_+_)"})[0m
[0m[[0m[0mdebug[0m] [0m[0mjsonRpcNotify: JsonRpcNotificationMessage(2.0, build/logMessage, {"type":1,"message":"          ^"})[0m
[0m[[0m[31merror[0m] [0m[0mfour errors found[0m
[0m[[0m[0mdebug[0m] [0m[0mjsonRpcNotify: JsonRpcNotificationMessage(2.0, build/logMessage, {"type":1,"message":"four errors found"})[0m
[0m[[0m[0mdebug[0m] [0m[0mjsonRpcNotify: JsonRpcNotificationMessage(2.0, build/publishDiagnostics, {"textDocument":{"uri":"file:///Users/rohith/Documents/College/Semester%204/BigData_Analysis/Class1.scala"},"buildTarget":{"uri":"file:/Users/rohith/Documents/College/Semester%204/BigData_Analysis/#bigdata_analysis/Compile"},"diagnostics":[{"range":{"start":{"line":4,"character":4},"end":{"line":4,"character":5}},"severity":1,"source":"sbt","message":"wordRdd is already defined as value wordRdd"},{"range":{"start":{"line":4,"character":0},"end":{"line":4,"character":4}},"severity":1,"source":"sbt","message":"wordRdd  is already defined as value wordRdd"},{"range":{"start":{"line":1,"character":14},"end":{"line":1,"character":15}},"severity":1,"source":"sbt","message":"not found: value sc"},{"range":{"start":{"line":8,"character":0},"end":{"line":8,"character":1}},"severity":1,"source":"sbt","message":"not found: value string"},{"range":{"start":{"line":9,"character":10},"end":{"line":9,"character":11}},"severity":1,"source":"sbt","message":"not found: value sc"}],"reset":true})[0m
[0m[[0m[0mdebug[0m] [0m[0mjsonRpcNotify: JsonRpcNotificationMessage(2.0, build/taskFinish, {"taskId":{"id":"6","parents":[]},"eventTime":1616496522411,"message":"Compiled bigdata_analysis","status":2,"dataKind":"compile-report","data":{"target":{"uri":"file:/Users/rohith/Documents/College/Semester%204/BigData_Analysis/#bigdata_analysis/Compile"},"errors":5,"warnings":0,"time":197}})[0m
[0m[[0m[31merror[0m] [0m[0m(Compile / [31mcompileIncremental[0m) Compilation failed[0m
[0m[[0m[0mdebug[0m] [0m[0mjsonRpcNotify: JsonRpcNotificationMessage(2.0, build/logMessage, {"type":1,"message":"(Compile / \u001b[31mcompileIncremental\u001b[0m) Compilation failed"})[0m
[0m[[0m[31merror[0m] [0m[0mTotal time: 0 s, completed 23 Mar, 2021 4:18:42 PM[0m
[0m[[0m[0mdebug[0m] [0m[0mjsonRpcNotify: JsonRpcNotificationMessage(2.0, build/logMessage, {"type":4,"message":"Done"})[0m
[0m[[0m[0mdebug[0m] [0m[0m> Exec(shell, None, None)[0m
[0m[[0m[0mdebug[0m] [0m[0mUnhandled request received: shutdown: JsonRpcRequestMessage(2.0, ♨1, shutdown, null})[0m
