[0m[[0m[0mdebug[0m] [0m[0m> Exec(;Test/compile; collectAnalyses, None, Some(CommandSource(network-1)))[0m
[0m[[0m[0mdebug[0m] [0m[0mjsonRpcNotify: JsonRpcNotificationMessage(2.0, build/logMessage, {"type":4,"message":"Processing"})[0m
[0m[[0m[0mdebug[0m] [0m[0mjsonRpcNotify: JsonRpcNotificationMessage(2.0, build/logMessage, {"type":4,"message":"Done"})[0m
[0m[[0m[0mdebug[0m] [0m[0m> Exec(Test/compile, None, Some(CommandSource(network-1)))[0m
[0m[[0m[0mdebug[0m] [0m[0mjsonRpcNotify: JsonRpcNotificationMessage(2.0, build/logMessage, {"type":4,"message":"Processing"})[0m
[0m[[0m[0mdebug[0m] [0m[0mEvaluating tasks: Test / compile[0m
[0m[[0m[0mdebug[0m] [0m[0mRunning task... Cancel: bloop.integrations.sbt.Offloader$$anon$1@2447940d, check cycles: false, forcegc: true[0m
[0m[[0m[0mdebug[0m] [0m[0mjsonRpcNotify: JsonRpcNotificationMessage(2.0, build/taskStart, {"taskId":{"id":"15","parents":[]},"eventTime":1617100035598,"message":"Compiling bigdata_analysis","dataKind":"compile-task","data":{"target":{"uri":"file:/Users/rohith/git/19AIE214-BDA/BigData_Analysis/#bigdata_analysis/Compile"}}})[0m
[0m[[0m[0minfo[0m] [0m[0mcompiling 4 Scala sources to /Users/rohith/git/19AIE214-BDA/BigData_Analysis/target/scala-2.12/classes ...[0m
[0m[[0m[0mdebug[0m] [0m[0mjsonRpcNotify: JsonRpcNotificationMessage(2.0, build/logMessage, {"type":3,"message":"compiling 4 Scala sources to /Users/rohith/git/19AIE214-BDA/BigData_Analysis/target/scala-2.12/classes ..."})[0m
[0m[[0m[0mdebug[0m] [0m[0mjsonRpcNotify: JsonRpcNotificationMessage(2.0, build/publishDiagnostics, {"textDocument":{"uri":"file:///Users/rohith/git/19AIE214-BDA/BigData_Analysis/StockMarket_Spark.scala"},"buildTarget":{"uri":"file:/Users/rohith/git/19AIE214-BDA/BigData_Analysis/#bigdata_analysis/Compile"},"diagnostics":[{"range":{"start":{"line":0,"character":0},"end":{"line":0,"character":1}},"severity":1,"source":"sbt","message":"expected class or object definition"}],"reset":false})[0m
[0m[[0m[31merror[0m] [0m[0m/Users/rohith/git/19AIE214-BDA/BigData_Analysis/StockMarket_Spark.scala:1:1: expected class or object definition[0m
[0m[[0m[31merror[0m] [0m[0mval nseRdd = sc.textFile("nsesample.txt") [0m
[0m[[0m[31merror[0m] [0m[0m^[0m
[0m[[0m[0mdebug[0m] [0m[0mjsonRpcNotify: JsonRpcNotificationMessage(2.0, build/logMessage, {"type":1,"message":"/Users/rohith/git/19AIE214-BDA/BigData_Analysis/StockMarket_Spark.scala:1:1: expected class or object definition"})[0m
[0m[[0m[0mdebug[0m] [0m[0mjsonRpcNotify: JsonRpcNotificationMessage(2.0, build/logMessage, {"type":1,"message":"val nseRdd = sc.textFile(\"nsesample.txt\") "})[0m
[0m[[0m[0mdebug[0m] [0m[0mjsonRpcNotify: JsonRpcNotificationMessage(2.0, build/logMessage, {"type":1,"message":"^"})[0m
[0m[[0m[0mdebug[0m] [0m[0mjsonRpcNotify: JsonRpcNotificationMessage(2.0, build/publishDiagnostics, {"textDocument":{"uri":"file:///Users/rohith/git/19AIE214-BDA/BigData_Analysis/StockMarket_Spark.scala"},"buildTarget":{"uri":"file:/Users/rohith/git/19AIE214-BDA/BigData_Analysis/#bigdata_analysis/Compile"},"diagnostics":[{"range":{"start":{"line":1,"character":0},"end":{"line":1,"character":1}},"severity":1,"source":"sbt","message":"expected class or object definition"}],"reset":false})[0m
[0m[[0m[31merror[0m] [0m[0m/Users/rohith/git/19AIE214-BDA/BigData_Analysis/StockMarket_Spark.scala:2:1: expected class or object definition[0m
[0m[[0m[31merror[0m] [0m[0mval nseSchemaRdd = nseRdd.map{l=>[0m
[0m[[0m[31merror[0m] [0m[0m^[0m
[0m[[0m[0mdebug[0m] [0m[0mjsonRpcNotify: JsonRpcNotificationMessage(2.0, build/logMessage, {"type":1,"message":"/Users/rohith/git/19AIE214-BDA/BigData_Analysis/StockMarket_Spark.scala:2:1: expected class or object definition"})[0m
[0m[[0m[0mdebug[0m] [0m[0mjsonRpcNotify: JsonRpcNotificationMessage(2.0, build/logMessage, {"type":1,"message":"val nseSchemaRdd = nseRdd.map{l=>"})[0m
[0m[[0m[0mdebug[0m] [0m[0mjsonRpcNotify: JsonRpcNotificationMessage(2.0, build/logMessage, {"type":1,"message":"^"})[0m
[0m[[0m[0mdebug[0m] [0m[0mjsonRpcNotify: JsonRpcNotificationMessage(2.0, build/publishDiagnostics, {"textDocument":{"uri":"file:///Users/rohith/git/19AIE214-BDA/BigData_Analysis/StockMarket_Spark.scala"},"buildTarget":{"uri":"file:/Users/rohith/git/19AIE214-BDA/BigData_Analysis/#bigdata_analysis/Compile"},"diagnostics":[{"range":{"start":{"line":5,"character":0},"end":{"line":5,"character":1}},"severity":1,"source":"sbt","message":"expected class or object definition"}],"reset":false})[0m
[0m[[0m[31merror[0m] [0m[0m/Users/rohith/git/19AIE214-BDA/BigData_Analysis/StockMarket_Spark.scala:6:1: expected class or object definition[0m
[0m[[0m[31merror[0m] [0m[0mval stckReduceRdd = nseSchemaRdd.map{case (ds,ts,id,stck,pr,vol) => [0m
[0m[[0m[31merror[0m] [0m[0m^[0m
[0m[[0m[0mdebug[0m] [0m[0mjsonRpcNotify: JsonRpcNotificationMessage(2.0, build/logMessage, {"type":1,"message":"/Users/rohith/git/19AIE214-BDA/BigData_Analysis/StockMarket_Spark.scala:6:1: expected class or object definition"})[0m
[0m[[0m[0mdebug[0m] [0m[0mjsonRpcNotify: JsonRpcNotificationMessage(2.0, build/logMessage, {"type":1,"message":"val stckReduceRdd = nseSchemaRdd.map{case (ds,ts,id,stck,pr,vol) => "})[0m
[0m[[0m[0mdebug[0m] [0m[0mjsonRpcNotify: JsonRpcNotificationMessage(2.0, build/logMessage, {"type":1,"message":"^"})[0m
[0m[[0m[0mdebug[0m] [0m[0mjsonRpcNotify: JsonRpcNotificationMessage(2.0, build/publishDiagnostics, {"textDocument":{"uri":"file:///Users/rohith/git/19AIE214-BDA/BigData_Analysis/StockMarket_Spark.scala"},"buildTarget":{"uri":"file:/Users/rohith/git/19AIE214-BDA/BigData_Analysis/#bigdata_analysis/Compile"},"diagnostics":[{"range":{"start":{"line":8,"character":0},"end":{"line":8,"character":1}},"severity":1,"source":"sbt","message":"expected class or object definition"}],"reset":false})[0m
[0m[[0m[31merror[0m] [0m[0m/Users/rohith/git/19AIE214-BDA/BigData_Analysis/StockMarket_Spark.scala:9:1: expected class or object definition[0m
[0m[[0m[31merror[0m] [0m[0mstckReduceRdd.toDF.show[0m
[0m[[0m[31merror[0m] [0m[0m^[0m
[0m[[0m[0mdebug[0m] [0m[0mjsonRpcNotify: JsonRpcNotificationMessage(2.0, build/logMessage, {"type":1,"message":"/Users/rohith/git/19AIE214-BDA/BigData_Analysis/StockMarket_Spark.scala:9:1: expected class or object definition"})[0m
[0m[[0m[0mdebug[0m] [0m[0mjsonRpcNotify: JsonRpcNotificationMessage(2.0, build/logMessage, {"type":1,"message":"stckReduceRdd.toDF.show"})[0m
[0m[[0m[0mdebug[0m] [0m[0mjsonRpcNotify: JsonRpcNotificationMessage(2.0, build/logMessage, {"type":1,"message":"^"})[0m
[0m[[0m[0mdebug[0m] [0m[0mjsonRpcNotify: JsonRpcNotificationMessage(2.0, build/publishDiagnostics, {"textDocument":{"uri":"file:///Users/rohith/git/19AIE214-BDA/BigData_Analysis/StockMarket_Spark.scala"},"buildTarget":{"uri":"file:/Users/rohith/git/19AIE214-BDA/BigData_Analysis/#bigdata_analysis/Compile"},"diagnostics":[{"range":{"start":{"line":9,"character":0},"end":{"line":9,"character":1}},"severity":1,"source":"sbt","message":"expected class or object definition"}],"reset":false})[0m
[0m[[0m[31merror[0m] [0m[0m/Users/rohith/git/19AIE214-BDA/BigData_Analysis/StockMarket_Spark.scala:10:1: expected class or object definition[0m
[0m[[0m[31merror[0m] [0m[0mstckReduceRdd.map{case(stck, list) => (stck,list.length)}.toDF("Stock","Number of Trades").show[0m
[0m[[0m[31merror[0m] [0m[0m^[0m
[0m[[0m[0mdebug[0m] [0m[0mjsonRpcNotify: JsonRpcNotificationMessage(2.0, build/logMessage, {"type":1,"message":"/Users/rohith/git/19AIE214-BDA/BigData_Analysis/StockMarket_Spark.scala:10:1: expected class or object definition"})[0m
[0m[[0m[0mdebug[0m] [0m[0mjsonRpcNotify: JsonRpcNotificationMessage(2.0, build/logMessage, {"type":1,"message":"stckReduceRdd.map{case(stck, list) => (stck,list.length)}.toDF(\"Stock\",\"Number of Trades\").show"})[0m
[0m[[0m[0mdebug[0m] [0m[0mjsonRpcNotify: JsonRpcNotificationMessage(2.0, build/logMessage, {"type":1,"message":"^"})[0m
[0m[[0m[0mdebug[0m] [0m[0mjsonRpcNotify: JsonRpcNotificationMessage(2.0, build/publishDiagnostics, {"textDocument":{"uri":"file:///Users/rohith/git/19AIE214-BDA/BigData_Analysis/StockMarket_Spark.scala"},"buildTarget":{"uri":"file:/Users/rohith/git/19AIE214-BDA/BigData_Analysis/#bigdata_analysis/Compile"},"diagnostics":[{"range":{"start":{"line":11,"character":0},"end":{"line":11,"character":1}},"severity":1,"source":"sbt","message":"expected class or object definition"}],"reset":false})[0m
[0m[[0m[31merror[0m] [0m[0m/Users/rohith/git/19AIE214-BDA/BigData_Analysis/StockMarket_Spark.scala:12:1: expected class or object definition[0m
[0m[[0m[31merror[0m] [0m[0mval tcsList = stckReduceRdd.lookup("TCS")(0).sortBy(_._2)[0m
[0m[[0m[31merror[0m] [0m[0m^[0m
[0m[[0m[0mdebug[0m] [0m[0mjsonRpcNotify: JsonRpcNotificationMessage(2.0, build/logMessage, {"type":1,"message":"/Users/rohith/git/19AIE214-BDA/BigData_Analysis/StockMarket_Spark.scala:12:1: expected class or object definition"})[0m
[0m[[0m[0mdebug[0m] [0m[0mjsonRpcNotify: JsonRpcNotificationMessage(2.0, build/logMessage, {"type":1,"message":"val tcsList = stckReduceRdd.lookup(\"TCS\")(0).sortBy(_._2)"})[0m
[0m[[0m[0mdebug[0m] [0m[0mjsonRpcNotify: JsonRpcNotificationMessage(2.0, build/logMessage, {"type":1,"message":"^"})[0m
[0m[[0m[0mdebug[0m] [0m[0mjsonRpcNotify: JsonRpcNotificationMessage(2.0, build/publishDiagnostics, {"textDocument":{"uri":"file:///Users/rohith/git/19AIE214-BDA/BigData_Analysis/StockMarket_Spark.scala"},"buildTarget":{"uri":"file:/Users/rohith/git/19AIE214-BDA/BigData_Analysis/#bigdata_analysis/Compile"},"diagnostics":[{"range":{"start":{"line":13,"character":0},"end":{"line":13,"character":1}},"severity":1,"source":"sbt","message":"expected class or object definition"}],"reset":false})[0m
[0m[[0m[31merror[0m] [0m[0m/Users/rohith/git/19AIE214-BDA/BigData_Analysis/StockMarket_Spark.scala:14:1: expected class or object definition[0m
[0m[[0m[31merror[0m] [0m[0mvar file = new java.io.PrintStream("tcsList.csv")[0m
[0m[[0m[31merror[0m] [0m[0m^[0m
[0m[[0m[0mdebug[0m] [0m[0mjsonRpcNotify: JsonRpcNotificationMessage(2.0, build/logMessage, {"type":1,"message":"/Users/rohith/git/19AIE214-BDA/BigData_Analysis/StockMarket_Spark.scala:14:1: expected class or object definition"})[0m
[0m[[0m[0mdebug[0m] [0m[0mjsonRpcNotify: JsonRpcNotificationMessage(2.0, build/logMessage, {"type":1,"message":"var file = new java.io.PrintStream(\"tcsList.csv\")"})[0m
[0m[[0m[0mdebug[0m] [0m[0mjsonRpcNotify: JsonRpcNotificationMessage(2.0, build/logMessage, {"type":1,"message":"^"})[0m
[0m[[0m[0mdebug[0m] [0m[0mjsonRpcNotify: JsonRpcNotificationMessage(2.0, build/publishDiagnostics, {"textDocument":{"uri":"file:///Users/rohith/git/19AIE214-BDA/BigData_Analysis/StockMarket_Spark.scala"},"buildTarget":{"uri":"file:/Users/rohith/git/19AIE214-BDA/BigData_Analysis/#bigdata_analysis/Compile"},"diagnostics":[{"range":{"start":{"line":14,"character":0},"end":{"line":14,"character":1}},"severity":1,"source":"sbt","message":"expected class or object definition"}],"reset":false})[0m
[0m[[0m[31merror[0m] [0m[0m/Users/rohith/git/19AIE214-BDA/BigData_Analysis/StockMarket_Spark.scala:15:1: expected class or object definition[0m
[0m[[0m[31merror[0m] [0m[0mtcsList.foreach{file.println(_)}[0m
[0m[[0m[31merror[0m] [0m[0m^[0m
[0m[[0m[0mdebug[0m] [0m[0mjsonRpcNotify: JsonRpcNotificationMessage(2.0, build/logMessage, {"type":1,"message":"/Users/rohith/git/19AIE214-BDA/BigData_Analysis/StockMarket_Spark.scala:15:1: expected class or object definition"})[0m
[0m[[0m[0mdebug[0m] [0m[0mjsonRpcNotify: JsonRpcNotificationMessage(2.0, build/logMessage, {"type":1,"message":"tcsList.foreach{file.println(_)}"})[0m
[0m[[0m[0mdebug[0m] [0m[0mjsonRpcNotify: JsonRpcNotificationMessage(2.0, build/logMessage, {"type":1,"message":"^"})[0m
[0m[[0m[0mdebug[0m] [0m[0mjsonRpcNotify: JsonRpcNotificationMessage(2.0, build/publishDiagnostics, {"textDocument":{"uri":"file:///Users/rohith/git/19AIE214-BDA/BigData_Analysis/StockMarket_Spark.scala"},"buildTarget":{"uri":"file:/Users/rohith/git/19AIE214-BDA/BigData_Analysis/#bigdata_analysis/Compile"},"diagnostics":[{"range":{"start":{"line":15,"character":0},"end":{"line":15,"character":1}},"severity":1,"source":"sbt","message":"expected class or object definition"}],"reset":false})[0m
[0m[[0m[31merror[0m] [0m[0m/Users/rohith/git/19AIE214-BDA/BigData_Analysis/StockMarket_Spark.scala:16:1: expected class or object definition[0m
[0m[[0m[31merror[0m] [0m[0mfile.close[0m
[0m[[0m[31merror[0m] [0m[0m^[0m
[0m[[0m[0mdebug[0m] [0m[0mjsonRpcNotify: JsonRpcNotificationMessage(2.0, build/logMessage, {"type":1,"message":"/Users/rohith/git/19AIE214-BDA/BigData_Analysis/StockMarket_Spark.scala:16:1: expected class or object definition"})[0m
[0m[[0m[0mdebug[0m] [0m[0mjsonRpcNotify: JsonRpcNotificationMessage(2.0, build/logMessage, {"type":1,"message":"file.close"})[0m
[0m[[0m[0mdebug[0m] [0m[0mjsonRpcNotify: JsonRpcNotificationMessage(2.0, build/logMessage, {"type":1,"message":"^"})[0m
[0m[[0m[0mdebug[0m] [0m[0mjsonRpcNotify: JsonRpcNotificationMessage(2.0, build/publishDiagnostics, {"textDocument":{"uri":"file:///Users/rohith/git/19AIE214-BDA/BigData_Analysis/StockMarket_Spark.scala"},"buildTarget":{"uri":"file:/Users/rohith/git/19AIE214-BDA/BigData_Analysis/#bigdata_analysis/Compile"},"diagnostics":[{"range":{"start":{"line":17,"character":0},"end":{"line":17,"character":1}},"severity":1,"source":"sbt","message":"expected class or object definition"}],"reset":false})[0m
[0m[[0m[31merror[0m] [0m[0m/Users/rohith/git/19AIE214-BDA/BigData_Analysis/StockMarket_Spark.scala:18:1: expected class or object definition[0m
[0m[[0m[31merror[0m] [0m[0mval infyList = stckReduceRdd.lookup("INFY")(0).sortBy(_._2)[0m
[0m[[0m[31merror[0m] [0m[0m^[0m
[0m[[0m[0mdebug[0m] [0m[0mjsonRpcNotify: JsonRpcNotificationMessage(2.0, build/logMessage, {"type":1,"message":"/Users/rohith/git/19AIE214-BDA/BigData_Analysis/StockMarket_Spark.scala:18:1: expected class or object definition"})[0m
[0m[[0m[0mdebug[0m] [0m[0mjsonRpcNotify: JsonRpcNotificationMessage(2.0, build/logMessage, {"type":1,"message":"val infyList = stckReduceRdd.lookup(\"INFY\")(0).sortBy(_._2)"})[0m
[0m[[0m[0mdebug[0m] [0m[0mjsonRpcNotify: JsonRpcNotificationMessage(2.0, build/logMessage, {"type":1,"message":"^"})[0m
[0m[[0m[0mdebug[0m] [0m[0mjsonRpcNotify: JsonRpcNotificationMessage(2.0, build/publishDiagnostics, {"textDocument":{"uri":"file:///Users/rohith/git/19AIE214-BDA/BigData_Analysis/StockMarket_Spark.scala"},"buildTarget":{"uri":"file:/Users/rohith/git/19AIE214-BDA/BigData_Analysis/#bigdata_analysis/Compile"},"diagnostics":[{"range":{"start":{"line":18,"character":0},"end":{"line":18,"character":1}},"severity":1,"source":"sbt","message":"expected class or object definition"}],"reset":false})[0m
[0m[[0m[31merror[0m] [0m[0m/Users/rohith/git/19AIE214-BDA/BigData_Analysis/StockMarket_Spark.scala:19:1: expected class or object definition[0m
[0m[[0m[31merror[0m] [0m[0mval tcsRdd = sc.parallelize(tcsList).zipWithIndex.map(p => (p._2,p._1))[0m
[0m[[0m[31merror[0m] [0m[0m^[0m
[0m[[0m[0mdebug[0m] [0m[0mjsonRpcNotify: JsonRpcNotificationMessage(2.0, build/logMessage, {"type":1,"message":"/Users/rohith/git/19AIE214-BDA/BigData_Analysis/StockMarket_Spark.scala:19:1: expected class or object definition"})[0m
[0m[[0m[0mdebug[0m] [0m[0mjsonRpcNotify: JsonRpcNotificationMessage(2.0, build/logMessage, {"type":1,"message":"val tcsRdd = sc.parallelize(tcsList).zipWithIndex.map(p => (p._2,p._1))"})[0m
[0m[[0m[0mdebug[0m] [0m[0mjsonRpcNotify: JsonRpcNotificationMessage(2.0, build/logMessage, {"type":1,"message":"^"})[0m
[0m[[0m[0mdebug[0m] [0m[0mjsonRpcNotify: JsonRpcNotificationMessage(2.0, build/publishDiagnostics, {"textDocument":{"uri":"file:///Users/rohith/git/19AIE214-BDA/BigData_Analysis/StockMarket_Spark.scala"},"buildTarget":{"uri":"file:/Users/rohith/git/19AIE214-BDA/BigData_Analysis/#bigdata_analysis/Compile"},"diagnostics":[{"range":{"start":{"line":19,"character":0},"end":{"line":19,"character":1}},"severity":1,"source":"sbt","message":"expected class or object definition"}],"reset":false})[0m
[0m[[0m[31merror[0m] [0m[0m/Users/rohith/git/19AIE214-BDA/BigData_Analysis/StockMarket_Spark.scala:20:1: expected class or object definition[0m
[0m[[0m[31merror[0m] [0m[0mval infyRdd = sc.parallelize(infyList).zipWithIndex.map(p => (p._2,p._1))[0m
[0m[[0m[31merror[0m] [0m[0m^[0m
[0m[[0m[0mdebug[0m] [0m[0mjsonRpcNotify: JsonRpcNotificationMessage(2.0, build/logMessage, {"type":1,"message":"/Users/rohith/git/19AIE214-BDA/BigData_Analysis/StockMarket_Spark.scala:20:1: expected class or object definition"})[0m
[0m[[0m[0mdebug[0m] [0m[0mjsonRpcNotify: JsonRpcNotificationMessage(2.0, build/logMessage, {"type":1,"message":"val infyRdd = sc.parallelize(infyList).zipWithIndex.map(p => (p._2,p._1))"})[0m
[0m[[0m[0mdebug[0m] [0m[0mjsonRpcNotify: JsonRpcNotificationMessage(2.0, build/logMessage, {"type":1,"message":"^"})[0m
[0m[[0m[0mdebug[0m] [0m[0mjsonRpcNotify: JsonRpcNotificationMessage(2.0, build/publishDiagnostics, {"textDocument":{"uri":"file:///Users/rohith/git/19AIE214-BDA/BigData_Analysis/StockMarket_Spark.scala"},"buildTarget":{"uri":"file:/Users/rohith/git/19AIE214-BDA/BigData_Analysis/#bigdata_analysis/Compile"},"diagnostics":[{"range":{"start":{"line":21,"character":0},"end":{"line":21,"character":1}},"severity":1,"source":"sbt","message":"expected class or object definition"}],"reset":false})[0m
[0m[[0m[31merror[0m] [0m[0m/Users/rohith/git/19AIE214-BDA/BigData_Analysis/StockMarket_Spark.scala:22:1: expected class or object definition[0m
[0m[[0m[31merror[0m] [0m[0mval tcsInfyRdd = (tcsRdd join infyRdd).map{case(i,((tcspr,x),(infypr,y))) =>(tcspr,infypr)}[0m
[0m[[0m[31merror[0m] [0m[0m^[0m
[0m[[0m[0mdebug[0m] [0m[0mjsonRpcNotify: JsonRpcNotificationMessage(2.0, build/logMessage, {"type":1,"message":"/Users/rohith/git/19AIE214-BDA/BigData_Analysis/StockMarket_Spark.scala:22:1: expected class or object definition"})[0m
[0m[[0m[0mdebug[0m] [0m[0mjsonRpcNotify: JsonRpcNotificationMessage(2.0, build/logMessage, {"type":1,"message":"val tcsInfyRdd = (tcsRdd join infyRdd).map{case(i,((tcspr,x),(infypr,y))) =>(tcspr,infypr)}"})[0m
[0m[[0m[0mdebug[0m] [0m[0mjsonRpcNotify: JsonRpcNotificationMessage(2.0, build/logMessage, {"type":1,"message":"^"})[0m
[0m[[0m[0mdebug[0m] [0m[0mjsonRpcNotify: JsonRpcNotificationMessage(2.0, build/publishDiagnostics, {"textDocument":{"uri":"file:///Users/rohith/git/19AIE214-BDA/BigData_Analysis/StockMarket_Spark.scala"},"buildTarget":{"uri":"file:/Users/rohith/git/19AIE214-BDA/BigData_Analysis/#bigdata_analysis/Compile"},"diagnostics":[{"range":{"start":{"line":23,"character":0},"end":{"line":23,"character":1}},"severity":1,"source":"sbt","message":"expected class or object definition"}],"reset":false})[0m
[0m[[0m[31merror[0m] [0m[0m/Users/rohith/git/19AIE214-BDA/BigData_Analysis/StockMarket_Spark.scala:24:1: expected class or object definition[0m
[0m[[0m[31merror[0m] [0m[0mfile = new java.io.PrintStream("tcsInfyList.csv")[0m
[0m[[0m[31merror[0m] [0m[0m^[0m
[0m[[0m[0mdebug[0m] [0m[0mjsonRpcNotify: JsonRpcNotificationMessage(2.0, build/logMessage, {"type":1,"message":"/Users/rohith/git/19AIE214-BDA/BigData_Analysis/StockMarket_Spark.scala:24:1: expected class or object definition"})[0m
[0m[[0m[0mdebug[0m] [0m[0mjsonRpcNotify: JsonRpcNotificationMessage(2.0, build/logMessage, {"type":1,"message":"file = new java.io.PrintStream(\"tcsInfyList.csv\")"})[0m
[0m[[0m[0mdebug[0m] [0m[0mjsonRpcNotify: JsonRpcNotificationMessage(2.0, build/logMessage, {"type":1,"message":"^"})[0m
[0m[[0m[0mdebug[0m] [0m[0mjsonRpcNotify: JsonRpcNotificationMessage(2.0, build/publishDiagnostics, {"textDocument":{"uri":"file:///Users/rohith/git/19AIE214-BDA/BigData_Analysis/StockMarket_Spark.scala"},"buildTarget":{"uri":"file:/Users/rohith/git/19AIE214-BDA/BigData_Analysis/#bigdata_analysis/Compile"},"diagnostics":[{"range":{"start":{"line":24,"character":0},"end":{"line":24,"character":1}},"severity":1,"source":"sbt","message":"expected class or object definition"}],"reset":false})[0m
[0m[[0m[31merror[0m] [0m[0m/Users/rohith/git/19AIE214-BDA/BigData_Analysis/StockMarket_Spark.scala:25:1: expected class or object definition[0m
[0m[[0m[31merror[0m] [0m[0mtcsInfyRdd.collect.foreach{file.println(_)}[0m
[0m[[0m[31merror[0m] [0m[0m^[0m
[0m[[0m[0mdebug[0m] [0m[0mjsonRpcNotify: JsonRpcNotificationMessage(2.0, build/logMessage, {"type":1,"message":"/Users/rohith/git/19AIE214-BDA/BigData_Analysis/StockMarket_Spark.scala:25:1: expected class or object definition"})[0m
[0m[[0m[0mdebug[0m] [0m[0mjsonRpcNotify: JsonRpcNotificationMessage(2.0, build/logMessage, {"type":1,"message":"tcsInfyRdd.collect.foreach{file.println(_)}"})[0m
[0m[[0m[0mdebug[0m] [0m[0mjsonRpcNotify: JsonRpcNotificationMessage(2.0, build/logMessage, {"type":1,"message":"^"})[0m
[0m[[0m[0mdebug[0m] [0m[0mjsonRpcNotify: JsonRpcNotificationMessage(2.0, build/publishDiagnostics, {"textDocument":{"uri":"file:///Users/rohith/git/19AIE214-BDA/BigData_Analysis/StockMarket_Spark.scala"},"buildTarget":{"uri":"file:/Users/rohith/git/19AIE214-BDA/BigData_Analysis/#bigdata_analysis/Compile"},"diagnostics":[{"range":{"start":{"line":25,"character":0},"end":{"line":25,"character":1}},"severity":1,"source":"sbt","message":"expected class or object definition"}],"reset":false})[0m
[0m[[0m[31merror[0m] [0m[0m/Users/rohith/git/19AIE214-BDA/BigData_Analysis/StockMarket_Spark.scala:26:1: expected class or object definition[0m
[0m[[0m[31merror[0m] [0m[0mfile.close[0m
[0m[[0m[31merror[0m] [0m[0m^[0m
[0m[[0m[0mdebug[0m] [0m[0mjsonRpcNotify: JsonRpcNotificationMessage(2.0, build/logMessage, {"type":1,"message":"/Users/rohith/git/19AIE214-BDA/BigData_Analysis/StockMarket_Spark.scala:26:1: expected class or object definition"})[0m
[0m[[0m[0mdebug[0m] [0m[0mjsonRpcNotify: JsonRpcNotificationMessage(2.0, build/logMessage, {"type":1,"message":"file.close"})[0m
[0m[[0m[0mdebug[0m] [0m[0mjsonRpcNotify: JsonRpcNotificationMessage(2.0, build/logMessage, {"type":1,"message":"^"})[0m
[0m[[0m[0mdebug[0m] [0m[0mjsonRpcNotify: JsonRpcNotificationMessage(2.0, build/publishDiagnostics, {"textDocument":{"uri":"file:///Users/rohith/git/19AIE214-BDA/BigData_Analysis/TextAnalysis_Spark.scala"},"buildTarget":{"uri":"file:/Users/rohith/git/19AIE214-BDA/BigData_Analysis/#bigdata_analysis/Compile"},"diagnostics":[{"range":{"start":{"line":0,"character":0},"end":{"line":0,"character":1}},"severity":1,"source":"sbt","message":"expected class or object definition"}],"reset":false})[0m
[0m[[0m[31merror[0m] [0m[0m/Users/rohith/git/19AIE214-BDA/BigData_Analysis/TextAnalysis_Spark.scala:1:1: expected class or object definition[0m
[0m[[0m[31merror[0m] [0m[0mval wikiRdd = sc.textFile("wikisample.txt")[0m
[0m[[0m[31merror[0m] [0m[0m^[0m
[0m[[0m[0mdebug[0m] [0m[0mjsonRpcNotify: JsonRpcNotificationMessage(2.0, build/logMessage, {"type":1,"message":"/Users/rohith/git/19AIE214-BDA/BigData_Analysis/TextAnalysis_Spark.scala:1:1: expected class or object definition"})[0m
[0m[[0m[0mdebug[0m] [0m[0mjsonRpcNotify: JsonRpcNotificationMessage(2.0, build/logMessage, {"type":1,"message":"val wikiRdd = sc.textFile(\"wikisample.txt\")"})[0m
[0m[[0m[0mdebug[0m] [0m[0mjsonRpcNotify: JsonRpcNotificationMessage(2.0, build/logMessage, {"type":1,"message":"^"})[0m
[0m[[0m[0mdebug[0m] [0m[0mjsonRpcNotify: JsonRpcNotificationMessage(2.0, build/publishDiagnostics, {"textDocument":{"uri":"file:///Users/rohith/git/19AIE214-BDA/BigData_Analysis/TextAnalysis_Spark.scala"},"buildTarget":{"uri":"file:/Users/rohith/git/19AIE214-BDA/BigData_Analysis/#bigdata_analysis/Compile"},"diagnostics":[{"range":{"start":{"line":1,"character":0},"end":{"line":1,"character":1}},"severity":1,"source":"sbt","message":"expected class or object definition"}],"reset":false})[0m
[0m[[0m[31merror[0m] [0m[0m/Users/rohith/git/19AIE214-BDA/BigData_Analysis/TextAnalysis_Spark.scala:2:1: expected class or object definition[0m
[0m[[0m[31merror[0m] [0m[0mwikiRdd.toDF.show[0m
[0m[[0m[31merror[0m] [0m[0m^[0m
[0m[[0m[0mdebug[0m] [0m[0mjsonRpcNotify: JsonRpcNotificationMessage(2.0, build/logMessage, {"type":1,"message":"/Users/rohith/git/19AIE214-BDA/BigData_Analysis/TextAnalysis_Spark.scala:2:1: expected class or object definition"})[0m
[0m[[0m[0mdebug[0m] [0m[0mjsonRpcNotify: JsonRpcNotificationMessage(2.0, build/logMessage, {"type":1,"message":"wikiRdd.toDF.show"})[0m
[0m[[0m[0mdebug[0m] [0m[0mjsonRpcNotify: JsonRpcNotificationMessage(2.0, build/logMessage, {"type":1,"message":"^"})[0m
[0m[[0m[0mdebug[0m] [0m[0mjsonRpcNotify: JsonRpcNotificationMessage(2.0, build/publishDiagnostics, {"textDocument":{"uri":"file:///Users/rohith/git/19AIE214-BDA/BigData_Analysis/TextAnalysis_Spark.scala"},"buildTarget":{"uri":"file:/Users/rohith/git/19AIE214-BDA/BigData_Analysis/#bigdata_analysis/Compile"},"diagnostics":[{"range":{"start":{"line":2,"character":0},"end":{"line":2,"character":1}},"severity":1,"source":"sbt","message":"expected class or object definition"}],"reset":false})[0m
[0m[[0m[31merror[0m] [0m[0m/Users/rohith/git/19AIE214-BDA/BigData_Analysis/TextAnalysis_Spark.scala:3:1: expected class or object definition[0m
[0m[[0m[31merror[0m] [0m[0mval wordRdd = wikiRdd.flatMap{l=> l.split("\\s+")}[0m
[0m[[0m[31merror[0m] [0m[0m^[0m
[0m[[0m[0mdebug[0m] [0m[0mjsonRpcNotify: JsonRpcNotificationMessage(2.0, build/logMessage, {"type":1,"message":"/Users/rohith/git/19AIE214-BDA/BigData_Analysis/TextAnalysis_Spark.scala:3:1: expected class or object definition"})[0m
[0m[[0m[0mdebug[0m] [0m[0mjsonRpcNotify: JsonRpcNotificationMessage(2.0, build/logMessage, {"type":1,"message":"val wordRdd = wikiRdd.flatMap{l=> l.split(\"\\\\s+\")}"})[0m
[0m[[0m[0mdebug[0m] [0m[0mjsonRpcNotify: JsonRpcNotificationMessage(2.0, build/logMessage, {"type":1,"message":"^"})[0m
[0m[[0m[0mdebug[0m] [0m[0mjsonRpcNotify: JsonRpcNotificationMessage(2.0, build/publishDiagnostics, {"textDocument":{"uri":"file:///Users/rohith/git/19AIE214-BDA/BigData_Analysis/TextAnalysis_Spark.scala"},"buildTarget":{"uri":"file:/Users/rohith/git/19AIE214-BDA/BigData_Analysis/#bigdata_analysis/Compile"},"diagnostics":[{"range":{"start":{"line":3,"character":0},"end":{"line":3,"character":1}},"severity":1,"source":"sbt","message":"expected class or object definition"}],"reset":false})[0m
[0m[[0m[31merror[0m] [0m[0m/Users/rohith/git/19AIE214-BDA/BigData_Analysis/TextAnalysis_Spark.scala:4:1: expected class or object definition[0m
[0m[[0m[31merror[0m] [0m[0mval wordPairRdd = wordRdd.map(w => (w,1)) //convertig to tuple[0m
[0m[[0m[31merror[0m] [0m[0m^[0m
[0m[[0m[0mdebug[0m] [0m[0mjsonRpcNotify: JsonRpcNotificationMessage(2.0, build/logMessage, {"type":1,"message":"/Users/rohith/git/19AIE214-BDA/BigData_Analysis/TextAnalysis_Spark.scala:4:1: expected class or object definition"})[0m
[0m[[0m[0mdebug[0m] [0m[0mjsonRpcNotify: JsonRpcNotificationMessage(2.0, build/logMessage, {"type":1,"message":"val wordPairRdd = wordRdd.map(w => (w,1)) //convertig to tuple"})[0m
[0m[[0m[0mdebug[0m] [0m[0mjsonRpcNotify: JsonRpcNotificationMessage(2.0, build/logMessage, {"type":1,"message":"^"})[0m
[0m[[0m[0mdebug[0m] [0m[0mjsonRpcNotify: JsonRpcNotificationMessage(2.0, build/publishDiagnostics, {"textDocument":{"uri":"file:///Users/rohith/git/19AIE214-BDA/BigData_Analysis/TextAnalysis_Spark.scala"},"buildTarget":{"uri":"file:/Users/rohith/git/19AIE214-BDA/BigData_Analysis/#bigdata_analysis/Compile"},"diagnostics":[{"range":{"start":{"line":4,"character":0},"end":{"line":4,"character":1}},"severity":1,"source":"sbt","message":"expected class or object definition"}],"reset":false})[0m
[0m[[0m[31merror[0m] [0m[0m/Users/rohith/git/19AIE214-BDA/BigData_Analysis/TextAnalysis_Spark.scala:5:1: expected class or object definition[0m
[0m[[0m[31merror[0m] [0m[0mval wordRedPairRdd = wordPairRdd.reduceByKey(_+_)[0m
[0m[[0m[31merror[0m] [0m[0m^[0m
[0m[[0m[0mdebug[0m] [0m[0mjsonRpcNotify: JsonRpcNotificationMessage(2.0, build/logMessage, {"type":1,"message":"/Users/rohith/git/19AIE214-BDA/BigData_Analysis/TextAnalysis_Spark.scala:5:1: expected class or object definition"})[0m
[0m[[0m[0mdebug[0m] [0m[0mjsonRpcNotify: JsonRpcNotificationMessage(2.0, build/logMessage, {"type":1,"message":"val wordRedPairRdd = wordPairRdd.reduceByKey(_+_)"})[0m
[0m[[0m[0mdebug[0m] [0m[0mjsonRpcNotify: JsonRpcNotificationMessage(2.0, build/logMessage, {"type":1,"message":"^"})[0m
[0m[[0m[0mdebug[0m] [0m[0mjsonRpcNotify: JsonRpcNotificationMessage(2.0, build/publishDiagnostics, {"textDocument":{"uri":"file:///Users/rohith/git/19AIE214-BDA/BigData_Analysis/TextAnalysis_Spark.scala"},"buildTarget":{"uri":"file:/Users/rohith/git/19AIE214-BDA/BigData_Analysis/#bigdata_analysis/Compile"},"diagnostics":[{"range":{"start":{"line":5,"character":0},"end":{"line":5,"character":1}},"severity":1,"source":"sbt","message":"expected class or object definition"}],"reset":false})[0m
[0m[[0m[31merror[0m] [0m[0m/Users/rohith/git/19AIE214-BDA/BigData_Analysis/TextAnalysis_Spark.scala:6:1: expected class or object definition[0m
[0m[[0m[31merror[0m] [0m[0mwordRedPairRdd.toDF.show[0m
[0m[[0m[31merror[0m] [0m[0m^[0m
[0m[[0m[0mdebug[0m] [0m[0mjsonRpcNotify: JsonRpcNotificationMessage(2.0, build/logMessage, {"type":1,"message":"/Users/rohith/git/19AIE214-BDA/BigData_Analysis/TextAnalysis_Spark.scala:6:1: expected class or object definition"})[0m
[0m[[0m[0mdebug[0m] [0m[0mjsonRpcNotify: JsonRpcNotificationMessage(2.0, build/logMessage, {"type":1,"message":"wordRedPairRdd.toDF.show"})[0m
[0m[[0m[0mdebug[0m] [0m[0mjsonRpcNotify: JsonRpcNotificationMessage(2.0, build/logMessage, {"type":1,"message":"^"})[0m
[0m[[0m[0mdebug[0m] [0m[0mjsonRpcNotify: JsonRpcNotificationMessage(2.0, build/publishDiagnostics, {"textDocument":{"uri":"file:///Users/rohith/git/19AIE214-BDA/BigData_Analysis/TextAnalysis_Spark.scala"},"buildTarget":{"uri":"file:/Users/rohith/git/19AIE214-BDA/BigData_Analysis/#bigdata_analysis/Compile"},"diagnostics":[{"range":{"start":{"line":6,"character":0},"end":{"line":6,"character":1}},"severity":1,"source":"sbt","message":"expected class or object definition"}],"reset":false})[0m
[0m[[0m[31merror[0m] [0m[0m/Users/rohith/git/19AIE214-BDA/BigData_Analysis/TextAnalysis_Spark.scala:7:1: expected class or object definition[0m
[0m[[0m[31merror[0m] [0m[0mval cat = sc.textFile("wikisample.txt").map(_.replaceAll("[^A-Za-z\\s]*","")).flatMap(_.split("\\s+")).map((_,1)).reduceByKey(_+_)[0m
[0m[[0m[31merror[0m] [0m[0m^[0m
[0m[[0m[0mdebug[0m] [0m[0mjsonRpcNotify: JsonRpcNotificationMessage(2.0, build/logMessage, {"type":1,"message":"/Users/rohith/git/19AIE214-BDA/BigData_Analysis/TextAnalysis_Spark.scala:7:1: expected class or object definition"})[0m
[0m[[0m[0mdebug[0m] [0m[0mjsonRpcNotify: JsonRpcNotificationMessage(2.0, build/logMessage, {"type":1,"message":"val cat = sc.textFile(\"wikisample.txt\").map(_.replaceAll(\"[^A-Za-z\\\\s]*\",\"\")).flatMap(_.split(\"\\\\s+\")).map((_,1)).reduceByKey(_+_)"})[0m
[0m[[0m[0mdebug[0m] [0m[0mjsonRpcNotify: JsonRpcNotificationMessage(2.0, build/logMessage, {"type":1,"message":"^"})[0m
[0m[[0m[31merror[0m] [0m[0m23 errors found[0m
[0m[[0m[0mdebug[0m] [0m[0mjsonRpcNotify: JsonRpcNotificationMessage(2.0, build/logMessage, {"type":1,"message":"23 errors found"})[0m
[0m[[0m[0mdebug[0m] [0m[0mjsonRpcNotify: JsonRpcNotificationMessage(2.0, build/publishDiagnostics, {"textDocument":{"uri":"file:///Users/rohith/git/19AIE214-BDA/BigData_Analysis/StockMarket_Spark.scala"},"buildTarget":{"uri":"file:/Users/rohith/git/19AIE214-BDA/BigData_Analysis/#bigdata_analysis/Compile"},"diagnostics":[{"range":{"start":{"line":0,"character":0},"end":{"line":0,"character":1}},"severity":1,"source":"sbt","message":"expected class or object definition"},{"range":{"start":{"line":1,"character":0},"end":{"line":1,"character":1}},"severity":1,"source":"sbt","message":"expected class or object definition"},{"range":{"start":{"line":5,"character":0},"end":{"line":5,"character":1}},"severity":1,"source":"sbt","message":"expected class or object definition"},{"range":{"start":{"line":8,"character":0},"end":{"line":8,"character":1}},"severity":1,"source":"sbt","message":"expected class or object definition"},{"range":{"start":{"line":9,"character":0},"end":{"line":9,"character":1}},"severity":1,"source":"sbt","message":"expected class or object definition"},{"range":{"start":{"line":11,"character":0},"end":{"line":11,"character":1}},"severity":1,"source":"sbt","message":"expected class or object definition"},{"range":{"start":{"line":13,"character":0},"end":{"line":13,"character":1}},"severity":1,"source":"sbt","message":"expected class or object definition"},{"range":{"start":{"line":14,"character":0},"end":{"line":14,"character":1}},"severity":1,"source":"sbt","message":"expected class or object definition"},{"range":{"start":{"line":15,"character":0},"end":{"line":15,"character":1}},"severity":1,"source":"sbt","message":"expected class or object definition"},{"range":{"start":{"line":17,"character":0},"end":{"line":17,"character":1}},"severity":1,"source":"sbt","message":"expected class or object definition"},{"range":{"start":{"line":18,"character":0},"end":{"line":18,"character":1}},"severity":1,"source":"sbt","message":"expected class or object definition"},{"range":{"start":{"line":19,"character":0},"end":{"line":19,"character":1}},"severity":1,"source":"sbt","message":"expected class or object definition"},{"range":{"start":{"line":21,"character":0},"end":{"line":21,"character":1}},"severity":1,"source":"sbt","message":"expected class or object definition"},{"range":{"start":{"line":23,"character":0},"end":{"line":23,"character":1}},"severity":1,"source":"sbt","message":"expected class or object definition"},{"range":{"start":{"line":24,"character":0},"end":{"line":24,"character":1}},"severity":1,"source":"sbt","message":"expected class or object definition"},{"range":{"start":{"line":25,"character":0},"end":{"line":25,"character":1}},"severity":1,"source":"sbt","message":"expected class or object definition"}],"reset":true})[0m
[0m[[0m[0mdebug[0m] [0m[0mjsonRpcNotify: JsonRpcNotificationMessage(2.0, build/publishDiagnostics, {"textDocument":{"uri":"file:///Users/rohith/git/19AIE214-BDA/BigData_Analysis/Demo.scala"},"buildTarget":{"uri":"file:/Users/rohith/git/19AIE214-BDA/BigData_Analysis/#bigdata_analysis/Compile"},"diagnostics":[],"reset":true})[0m
[0m[[0m[0mdebug[0m] [0m[0mjsonRpcNotify: JsonRpcNotificationMessage(2.0, build/publishDiagnostics, {"textDocument":{"uri":"file:///Users/rohith/git/19AIE214-BDA/BigData_Analysis/TextAnalysis_Spark.scala"},"buildTarget":{"uri":"file:/Users/rohith/git/19AIE214-BDA/BigData_Analysis/#bigdata_analysis/Compile"},"diagnostics":[{"range":{"start":{"line":0,"character":0},"end":{"line":0,"character":1}},"severity":1,"source":"sbt","message":"expected class or object definition"},{"range":{"start":{"line":1,"character":0},"end":{"line":1,"character":1}},"severity":1,"source":"sbt","message":"expected class or object definition"},{"range":{"start":{"line":2,"character":0},"end":{"line":2,"character":1}},"severity":1,"source":"sbt","message":"expected class or object definition"},{"range":{"start":{"line":3,"character":0},"end":{"line":3,"character":1}},"severity":1,"source":"sbt","message":"expected class or object definition"},{"range":{"start":{"line":4,"character":0},"end":{"line":4,"character":1}},"severity":1,"source":"sbt","message":"expected class or object definition"},{"range":{"start":{"line":5,"character":0},"end":{"line":5,"character":1}},"severity":1,"source":"sbt","message":"expected class or object definition"},{"range":{"start":{"line":6,"character":0},"end":{"line":6,"character":1}},"severity":1,"source":"sbt","message":"expected class or object definition"}],"reset":true})[0m
[0m[[0m[0mdebug[0m] [0m[0mjsonRpcNotify: JsonRpcNotificationMessage(2.0, build/publishDiagnostics, {"textDocument":{"uri":"file:///Users/rohith/git/19AIE214-BDA/BigData_Analysis/JanRdd.scala"},"buildTarget":{"uri":"file:/Users/rohith/git/19AIE214-BDA/BigData_Analysis/#bigdata_analysis/Compile"},"diagnostics":[],"reset":true})[0m
[0m[[0m[0mdebug[0m] [0m[0mjsonRpcNotify: JsonRpcNotificationMessage(2.0, build/taskFinish, {"taskId":{"id":"15","parents":[]},"eventTime":1617100036219,"message":"Compiled bigdata_analysis","status":2,"dataKind":"compile-report","data":{"target":{"uri":"file:/Users/rohith/git/19AIE214-BDA/BigData_Analysis/#bigdata_analysis/Compile"},"errors":23,"warnings":0,"time":621}})[0m
[0m[[0m[0mdebug[0m] [0m[0mForcing garbage collection...[0m
[0m[[0m[31merror[0m] [0m[0m(Compile / [31mcompileIncremental[0m) Compilation failed[0m
[0m[[0m[0mdebug[0m] [0m[0mjsonRpcNotify: JsonRpcNotificationMessage(2.0, build/logMessage, {"type":1,"message":"(Compile / \u001b[31mcompileIncremental\u001b[0m) Compilation failed"})[0m
[0m[[0m[31merror[0m] [0m[0mTotal time: 1 s, completed 30 Mar, 2021 3:57:16 PM[0m
[0m[[0m[0mdebug[0m] [0m[0mjsonRpcNotify: JsonRpcNotificationMessage(2.0, build/logMessage, {"type":4,"message":"Done"})[0m
[0m[[0m[0mdebug[0m] [0m[0m> Exec(shell, None, None)[0m
[0m[[0m[0mdebug[0m] [0m[0mForcing garbage collection...[0m
[0m[[0m[0mdebug[0m] [0m[0mUnhandled request received: shutdown: JsonRpcRequestMessage(2.0, ♨9, shutdown, null})[0m
